GET /media/suppliers/agri/CAB07010290.jpg 404 - - 1.079 ms
GET /media/suppliers/agri/319-065.jpg 404 - - 1.070 ms
GET /media/suppliers/agri/CAI04010045.jpg 404 - - 0.890 ms
GET /media/suppliers/agri/308VFG39.jpg 404 - - 0.874 ms
GET /media/suppliers/agri/319-130.jpg 404 - - 0.724 ms
GET /media/suppliers/agri/CAG06010022.jpg 404 - - 0.760 ms
GET /media/suppliers/agri/319-025.jpg 404 - - 0.753 ms
GET /media/suppliers/agri/CAB03010378.jpg 404 - - 0.750 ms
GET /media/suppliers/agri/CAJ04010016.jpg 404 - - 0.729 ms
GET /media/suppliers/agri/CAJ11010005.jpg 404 - - 0.731 ms
GET /media/suppliers/agri/CAJ10010008.jpg 404 - - 1.147 ms
GET /media/suppliers/agri/CAJ03010049.jpg 404 - - 1.177 ms
GET /media/suppliers/agri/CAG06010024.jpg 404 - - 0.694 ms
GET /media/suppliers/agri/CAI02020013.jpg 404 - - 0.607 ms
GET /media/suppliers/agri/BOX20L.jpg 404 - - 0.502 ms
GET /media/suppliers/agri/CAC01030078.jpg 404 - - 0.509 ms
GET /media/suppliers/agri/CAE01020008.jpg 404 - - 0.491 ms
GET /media/suppliers/agri/309RXM4-6.jpg 404 - - 0.458 ms
GET /media/suppliers/agri/309SNG1402VS.jpg 404 - - 0.458 ms
GET /media/suppliers/agri/CAG04010019.jpg 404 - - 0.455 ms
GET /media/suppliers/agri/CAI01020016.jpg 404 - - 0.434 ms
GET /media/suppliers/agri/CAH03070013.jpg 404 - - 0.440 ms
GET /media/suppliers/agri/319-070.jpg 404 - - 0.450 ms
GET /media/suppliers/agri/CAH05010012.jpg 404 - - 0.475 ms
GET /media/suppliers/agri/S4K125/2E.jpg 404 - - 0.460 ms
GET /media/suppliers/agri/309HERO250L.jpg 404 - - 0.371 ms
GET /media/suppliers/agri/SPTB3TANK.jpg 404 - - 0.995 ms
GET /media/suppliers/agri/309SNG1000VS.jpg 404 - - 0.584 ms
GET /media/suppliers/agri/319-095.jpg 404 - - 0.531 ms
GET /media/suppliers/agri/CAI01010056.jpg 404 - - 0.509 ms
GET /media/suppliers/agri/CAG06010028.jpg 404 - - 0.525 ms
GET /media/suppliers/agri/B07030065.jpg 404 - - 0.539 ms
GET /media/suppliers/agri/B03030047.jpg 404 - - 0.541 ms
GET /media/suppliers/agri/B03030153.jpg 404 - - 0.613 ms
GET /media/suppliers/agri/CAH03070007.jpg 404 - - 0.564 ms
GET /media/suppliers/agri/319-150.jpg 404 - - 0.538 ms
GET /media/suppliers/agri/CAC02010070.jpg 404 - - 0.541 ms
GET /media/suppliers/agri/302SD160.jpg 404 - - 0.467 ms
GET /media/suppliers/agri/319-155.jpg 404 - - 0.528 ms
GET /media/suppliers/agri/CAH05010004.jpg 404 - - 0.546 ms
GET /media/suppliers/agri/CAJ04010047.jpg 404 - - 0.528 ms
GET /media/suppliers/agri/CAI01010044.jpg 404 - - 0.516 ms
GET /media/suppliers/agri/CAH01010002.jpg 404 - - 0.506 ms
GET /media/suppliers/agri/CAI01020002.jpg 404 - - 0.635 ms
GET /media/suppliers/agri/CASCREPLACEMENT.jpg 404 - - 1.390 ms
GET /media/suppliers/agri/CAG12060291.jpg 404 - - 1.339 ms
GET /media/suppliers/agri/B03020581.jpg 404 - - 1.872 ms
GET /media/suppliers/agri/CAJ11010002.jpg 404 - - 1.986 ms
GET /media/suppliers/agri/CAH01060013.jpg 404 - - 2.068 ms
GET /media/suppliers/agri/CASREPLACEMENT2.jpg 404 - - 1.848 ms
GET /media/suppliers/agri/SP7109909.jpg 404 - - 1.824 ms
GET /media/suppliers/agri/CAWCMSEAL.jpg 404 - - 2.967 ms
GET /media/suppliers/agri/319-110.jpg 404 - - 3.025 ms
GET /media/suppliers/agri/CAWA7.jpg 404 - - 3.959 ms
GET /media/suppliers/agri/CAG12060389.jpg 404 - - 3.974 ms
GET /media/suppliers/agri/CAI01010081.jpg 404 - - 3.943 ms
GET /media/suppliers/agri/CAC01020020.jpg 404 - - 3.932 ms
GET /media/suppliers/agri/B03020582.jpg 404 - - 3.903 ms
GET /media/suppliers/agri/CAPCBOARD1.jpg 404 - - 3.896 ms
GET /media/suppliers/agri/B07020368.jpg 404 - - 3.863 ms
GET /media/suppliers/agri/CAPKITCTN.jpg 404 - - 3.881 ms
GET /media/suppliers/agri/CAC02010099.jpg 404 - - 3.833 ms
GET /media/suppliers/agri/CAJ07010033.jpg 404 - - 4.428 ms
GET /media/suppliers/agri/CAPCBOARD2.jpg 404 - - 4.463 ms
GET /media/suppliers/agri/CAJ08010011.jpg 404 - - 4.419 ms
GET /media/suppliers/agri/CAG05010077.jpg 404 - - 4.447 ms
GET /media/suppliers/agri/CAJ03010044.jpg 404 - - 4.475 ms
GET /media/suppliers/agri/302FL40FIL.jpg 404 - - 4.469 ms
GET /media/suppliers/agri/CAF12010007.jpg 404 - - 6.328 ms
GET /media/suppliers/agri/CAF02020029.jpg 404 - - 6.379 ms
GET /media/suppliers/agri/CAD10M3015MPCB.jpg 404 - - 6.354 ms
GET /media/suppliers/agri/CAH02010005.jpg 404 - - 6.256 ms
GET /media/suppliers/agri/CAJ01010035.jpg 404 - - 6.218 ms
GET /media/suppliers/agri/CAJ03030021.jpg 404 - - 6.175 ms
GET /media/suppliers/agri/309ECO260L.jpg 404 - - 3.809 ms
GET /media/suppliers/agri/CAI01010080.jpg 404 - - 3.708 ms
GET /media/suppliers/agri/CAG05010047.jpg 404 - - 3.648 ms
GET /media/suppliers/agri/CAG05010025.jpg 404 - - 3.590 ms
GET /media/suppliers/agri/CAC02010068.jpg 404 - - 3.508 ms
GET /media/suppliers/agri/CAG01040068.jpg 404 - - 3.492 ms
GET /media/suppliers/agri/CASKITCTN.jpg 404 - - 3.482 ms
GET /media/suppliers/agri/CAG05010021.jpg 404 - - 3.467 ms
GET /media/suppliers/agri/CAJ03010044JETS100.jpg 404 - - 3.437 ms
GET /media/suppliers/agri/CAC02010347.jpg 404 - - 3.387 ms
GET /media/suppliers/agri/CAI01010050.jpg 404 - - 3.333 ms
GET /media/suppliers/agri/CAC01030218.jpg 404 - - 3.274 ms
GET /media/suppliers/agri/CAI01020014.jpg 404 - - 3.202 ms
GET /media/suppliers/agri/CAG12060348.jpg 404 - - 2.111 ms
GET /media/suppliers/agri/VSOL01/03H.jpg 404 - - 2.091 ms
GET /media/suppliers/agri/NASINVERTER.jpg 404 - - 2.085 ms
GET /media/suppliers/agri/CAC01030066.jpg 404 - - 2.110 ms
GET /media/suppliers/agri/CAG01040171.jpg 404 - - 2.140 ms
GET /media/suppliers/agri/CAG12060129.jpg 404 - - 2.133 ms
GET /media/suppliers/agri/SN3F65-315.jpg 404 - - 2.124 ms
GET /media/suppliers/agri/HBI4-60-RS.jpg 404 - - 1.008 ms
GET /media/suppliers/agri/08105069.jpg 404 - - 0.430 ms
GET /media/suppliers/agri/319-135.jpg 404 - - 0.397 ms
GET /media/suppliers/agri/T2-50AE-TW.jpg 404 - - 0.425 ms
GET /media/suppliers/agri/CAH06010005.jpg 404 - - 0.495 ms
GET /media/suppliers/agri/309RXM4-5.jpg 404 - - 0.559 ms
GET /media/suppliers/agri/CAC02010124.jpg 404 - - 0.521 ms
GET /media/suppliers/agri/319-080.jpg 404 - - 0.682 ms
GET /media/suppliers/agri/192619.jpg 404 - - 0.670 ms
GET /media/suppliers/agri/CAJ03020002.jpg 404 - - 0.505 ms
GET /media/suppliers/agri/CAG12060074.jpg 404 - - 0.491 ms
GET /media/suppliers/agri/CAJ01030014.jpg 404 - - 0.492 ms
GET /media/suppliers/agri/CAC01020012.jpg 404 - - 0.494 ms
GET /media/suppliers/agri/SP007108548.jpg 404 - - 0.485 ms
GET /media/suppliers/agri/CAH03110022.jpg 404 - - 0.483 ms
GET /media/suppliers/agri/CADSK1SPART.jpg 404 - - 0.515 ms
GET /media/suppliers/agri/CAI01020011.jpg 404 - - 0.360 ms
GET /media/suppliers/agri/319-050.jpg 404 - - 0.195 ms
GET /products/bayonet-af160b-nozzle-4-4mm-11-64-yellow?Title=Default%20Title 200 - - 323.855 ms
GET /products/microjet-blue-base-blue-cap-90deg-packed-10?Title=Default%20Title 200 - - 312.842 ms
GET /collections/irrigation-garden 200 - - 853.888 ms
GET /products/driptorch-breather-valve?Title=Default%20Title 200 - - 302.367 ms
GET /products/camlock-pp-type-dp-male-end-cap-100mm?Title=Default%20Title 500 - - 255.455 ms
GET /products/cepex-compression-elbow-female-20x3-4i?Title=Default%20Title 200 - - 283.171 ms
GET /robots.txt 200 - - 1.497 ms
GET /products/rovatti-pump-centrifugal-single-stage-40-250-gh?Title=Default%20Title 200 - - 326.309 ms
GET /products/torrenti-float-valve-connection-brass-15-20mm?Title=Default%20Title 200 - - 314.463 ms
GET / 200 - - 5.389 ms
GET /products/truco-layflat-hose-300kpa-100mm-100m-roll-pm-blue?Title=Default%20Title 200 - - 298.203 ms
GET /products/torrenti-ball-valve-pvc-threaded-16bar-65mm?Title=Default%20Title 200 - - 300.878 ms
GET /products/cepex-saddle-compression-25x3-4?Title=Default%20Title 200 - - 310.069 ms
GET /products/orbit-sprinkler-titan-gear-drive-shrub?Title=Default%20Title 500 - - 255.761 ms
GET /products/rovatti-pump-centrifugal-single-stage-80-315-gh?Title=Default%20Title 500 - - 255.621 ms
GET /products/pascali-pump-self-prim-jet-flow-switch-0-75kw-230v-3?Title=Default%20Title 500 - - 255.491 ms
GET /products/ifasten-nail-wire-round-63mmx3-15mm-250g-pp?Title=Default%20Title 500 - - 256.594 ms
GET /products/ifasten-nail-wire-round-75mmx3-55mm-250g-pp?Title=Default%20Title 200 - - 327.868 ms
GET /products/contour-plastic-bucket-assorted-colours-9l?Title=Default%20Title 200 - - 322.677 ms
GET /products/mellerware-kettle-plastic-1-7l-2200w-white-black?Title=Default%20Title 200 - - 315.243 ms
GET /products/ifasten-cbc-square-no8-4-2mmx40mm-25-pp?Title=Default%20Title 200 - - 336.071 ms
GET /products/romer-cooler-box-rubber-latch?Title=Default%20Title 500 - - 255.413 ms
GET /products/orbit-nozzle-spray-adjustable-prepk-18ft-cream?Title=Default%20Title 200 - - 321.205 ms
GET /products/mikalor-clamp-hose-asfa-80-100mm-12mm-worm-drive?Title=Default%20Title 200 - - 280.513 ms
GET /products/speroni-control-box-intelligent-0-37kw-230v?Title=Default%20Title 200 - - 302.475 ms
GET /products/hoffmann-piston-pump-high-pressure-hl22b?Title=Default%20Title 500 - - 255.680 ms
GET /products/mr-sheen-oxi-ultra-wash-soap-bar-75g?Title=Default%20Title 200 - - 329.811 ms
GET /products/ifasten-set-screw-ms-and-nut-zp-m10x50mm-10-pp?Title=Default%20Title 200 - - 307.806 ms
GET /products/torrenti-valve-stop-agrinet-221-20mm?Title=Default%20Title 200 - - 316.870 ms
GET /products/cepex-compression-coupling-32x32mm?Title=Default%20Title 200 - - 319.358 ms
GET /products/ifasten-washer-bonded-epdm-6x19mm-25-pp?Title=Default%20Title 500 - - 256.002 ms
GET /products/barelli-mining-hose-orange-10mm-30m?Title=Default%20Title 200 - - 2848.186 ms
GET /products/afrox-cable-lugs-crimping-35x12mm?Title=Default%20Title 200 - - 316.266 ms
GET /products/apollo-brush-plaster-with-plastic-handle?Title=Default%20Title 200 - - 307.984 ms
GET /products/clear-hose-thin-wall-5mm-30m-roll-pm?Title=Default%20Title 200 - - 309.475 ms
GET /products/cepex-compression-adapt-male-25x3-4i?Title=Default%20Title 200 - - 312.748 ms
GET /collections/paint-related 500 - - 256.743 ms
GET /collections/livestock-animals 200 - - 858.135 ms
GET /collections/buy-outs 200 - - 327.656 ms
GET /__manifest?paths=%2Fproducts%2Fcontroller-pump-auto-up-to-2-2kw-16a-10-bar-230v&version=835ced7b 200 - - 1.429 ms
GET /products/controller-pump-auto-up-to-2-2kw-16a-10-bar-230v.data?_routes=routes%2F%28%24locale%29.products.%24handle 200 - - 314.553 ms
GET /products/controller-pump-auto-up-to-2-2kw-16a-10-bar-230v.data?_routes=routes%2F%28%24locale%29.products.%24handle 200 - - 2.379 ms
GET /collections/hardware-tools 200 - - 731.770 ms
GET /wp-admin/install.php?step=1 404 - - 3.974 ms
GET /products/snap-on-spray-nozzle 200 - - 346.311 ms
GET / 200 - - 5.265 ms
GET /products/snap-on-tap-connector-5-8inch 200 - - 333.692 ms
GET /products/snap-on-pipe-connector-20mm-full-flow?Title=Default%20Title 200 - - 308.355 ms
GET /products/camlock-pp-type-c-female-coupler-x-hose-tail-50mm?Title=Default%20Title 200 - - 322.760 ms
GET /products/orbit-b-hyve-xr-smart-sprinkler-controller-16stati?Title=Default%20Title 200 - - 330.977 ms
GET /products/sebor-super-pot-scr-25cm-namib-dune?Title=Default%20Title 200 - - 320.403 ms
GET /products/kaufmann-x-afri-canvas-heat-deflecting-tarp-4m?Title=Default%20Title 200 - - 310.749 ms
GET /products/microjet-stand-pipe-poly-accurate-male-bsp-15x1200?Title=Default%20Title 200 - - 281.179 ms
GET /products/cepex-saddle-compression-63x1-1-2?Title=Default%20Title 500 - - 255.729 ms
GET /products/pascali-pump-sewage-submers-50mm-0-75kw-230v-s-s-1?Title=Default%20Title 200 - - 322.691 ms
GET /products/afrox-electrode-holder-500amp-jaw-type?Title=Default%20Title 200 - - 337.732 ms
GET /products/ifasten-set-screw-ms-and-nut-zp-m6x40mm-10-pp?Title=Default%20Title 200 - - 316.185 ms
GET /products/stand-pipe-galv-40x150mm?Title=Default%20Title 200 - - 341.757 ms
GET /products/inta-fire-hose-reel-complete-30m-wall-mounted-fix?Title=Default%20Title 200 - - 337.476 ms
GET /products/nkunzi-contractors-hose-20mm-25m-and-fittings?Title=Default%20Title 200 - - 358.079 ms
GET /products/pipe-plastic-insert-25mm-class-6-100m?Title=Default%20Title 200 - - 327.975 ms
GET /products/ifasten-nut-zp-m10-10-pp?Title=Default%20Title 200 - - 325.338 ms
GET /products/tramontina-professional-knife-boning-18cm-white-cs?Title=Default%20Title 200 - - 323.153 ms
GET /products/kaufmann-utility-trolley?Title=Default%20Title 500 - - 255.378 ms
GET /products/cepex-compression-elbow-male-50x1-1-2i?Title=Default%20Title 500 - - 255.449 ms
GET /products/air-scents-air-freshener-gel-70g-island-breeze?Title=Default%20Title 200 - - 303.852 ms
GET /products/ifasten-cbc-pozi-no6-zp-3-5mmx16mm-25-pp?Title=Default%20Title 200 - - 329.921 ms
GET /products/cepex-compression-coupling-90mm?Title=Default%20Title 200 - - 350.140 ms
GET /products/stand-pipe-pvc-15x200mm?Title=Default%20Title 200 - - 334.866 ms
GET /products/sebor-super-pot-scr-20cm-namib-dune?Title=Default%20Title 200 - - 327.979 ms
GET /products/cepex-saddle-compression-32x3-4?Title=Default%20Title 200 - - 325.002 ms
GET /products/sebor-super-pot-scr-10cm-namib-dune?Title=Default%20Title 200 - - 285.214 ms
GET /products/bayonet-af160b-nozzle-3-6mm-9-64-grey?Title=Default%20Title 200 - - 337.071 ms
GET /products/pressure-gauge-glycerine-0-600kpa?Title=Default%20Title 200 - - 359.674 ms
GET /products/hose-clamp-ext-hd-17-19mm?Title=Default%20Title 200 - - 328.760 ms
GET /products/mellerware-iron-steam-dry-250ml-2200w-titan-gold?Title=Default%20Title 200 - - 321.213 ms
GET /products/hurricane-big-lantern-red-34cm?Title=Default%20Title 200 - - 319.230 ms
GET /products/torrenti-ball-valve-fb-brass-body-ss-ball-mxf-25mm?Title=Default%20Title 200 - - 314.504 ms
GET /products/cepex-compression-adapt-male-32x1-1-4i?Title=Default%20Title 200 - - 317.080 ms
GET /products/motorelli-motor-electric-4p-55kw-400v-ie3-ci?Title=Default%20Title 200 - - 340.280 ms
GET /products/tramontina-basting-brush?Title=Default%20Title 200 - - 324.560 ms
GET /products/camlock-pp-type-b-female-coupler-x-male-bsp-20mm?Title=Default%20Title 200 - - 316.666 ms
GET /products/contour-basin-plastic-oval-90l?Title=Default%20Title 200 - - 320.205 ms
GET / 200 - - 4.032 ms
GET /products/ifasten-nail-in-anchor-6mmx55mm-50-pt?Title=Default%20Title 200 - - 278.932 ms
GET /products/ifasten-nail-in-anchor-8mmx80mm-10-pp?Title=Default%20Title 200 - - 302.419 ms
GET /products/pascali-connector-5-way-for-vff-25mm-1?Title=Default%20Title 200 - - 276.094 ms
GET /products/kaufmann-flask-bottle-s-s-pnk-500ml-empty-box?Title=Default%20Title 200 - - 328.335 ms
GET /products/cepex-compression-adapt-male-20x3-4i?Title=Default%20Title 500 - - 255.790 ms
GET /products/jerry-can-plastic-petrol-25l?Title=Default%20Title 200 - - 293.359 ms
GET /products/chicken-galv-hex-wire-mesh-1200x13x10m 200 - - 314.027 ms
GET /robots.txt 200 - - 1.655 ms
GET /products/chicken-galv-hex-wire-mesh-1200x25x50m-red-sticker 500 - - 256.976 ms
