[shopify-app/INFO] Authenticating admin request | {shop: null}
POST /app/import.data 200 - - 3.669 ms
[shopify-app/INFO] Authenticating admin request | {shop: null}
[shopify-app/INFO] Authenticating admin request | {shop: null}
GET /app/import.data 200 - - 510.819 ms
[import] VULGOLFSHIRT3XL pushed groups core=false variant=false stock=true
[import] VULGOLFSHIRTNVL pushed groups core=false variant=false stock=true
[shopify-app/INFO] Authenticating admin request | {shop: null}
POST /app/import.data 200 - - 3.778 ms
[shopify-app/INFO] Authenticating admin request | {shop: null}
[shopify-app/INFO] Authenticating admin request | {shop: null}
[import] VULGOLFSHIRTNVM pushed groups core=false variant=false stock=true
GET /app/import.data 200 - - 475.809 ms
[import] VULGOLFSHIRTSML pushed groups core=false variant=false stock=true
[import] VULGOLFSHIRTNXL pushed groups core=false variant=false stock=true
[shopify-app/INFO] Authenticating admin request | {shop: null}
POST /app/import.data 200 - - 3.963 ms
[shopify-app/INFO] Authenticating admin request | {shop: null}
[shopify-app/INFO] Authenticating admin request | {shop: null}
GET /app/import.data 200 - - 458.787 ms
[import] VULGOLF220FT2XL pushed groups core=false variant=false stock=true
[import] VULGOLF220FT3XL pushed groups core=false variant=false stock=true
[shopify-app/INFO] Authenticating admin request | {shop: null}
POST /app/import.data 200 - - 5.123 ms
[shopify-app/INFO] Authenticating admin request | {shop: null}
[shopify-app/INFO] Authenticating admin request | {shop: null}
[import] VULGOLF220FTSML pushed groups core=false variant=false stock=true
GET /app/import.data 200 - - 477.842 ms
[import] VULGOLF220FATXL pushed groups core=false variant=false stock=true
[import] VULGOLF220KH2XL pushed groups core=false variant=false stock=true
[shopify-app/INFO] Authenticating admin request | {shop: null}
POST /app/import.data 200 - - 3.737 ms
[shopify-app/INFO] Authenticating admin request | {shop: null}
[shopify-app/INFO] Authenticating admin request | {shop: null}
GET /app/import.data 200 - - 458.733 ms
[import] VULGOLF220KH3XL pushed groups core=false variant=false stock=true
[import] VULGOLF220KHL pushed groups core=false variant=false stock=true
[shopify-app/INFO] Authenticating admin request | {shop: null}
POST /app/import.data 200 - - 4.559 ms
[shopify-app/INFO] Authenticating admin request | {shop: null}
[shopify-app/INFO] Authenticating admin request | {shop: null}
GET /app/import.data 200 - - 456.103 ms
[import] VULGOLF220KHM pushed groups core=false variant=false stock=true
[import] VULGOLF220KHS pushed groups core=false variant=false stock=true
[import] VULGOLF220KHXL pushed groups core=false variant=false stock=true
[shopify-app/INFO] Authenticating admin request | {shop: null}
POST /app/import.data 200 - - 4.522 ms
[shopify-app/INFO] Authenticating admin request | {shop: null}
[shopify-app/INFO] Authenticating admin request | {shop: null}
GET /app/import.data 200 - - 456.558 ms
[import] VULGOLF220OG3XL pushed groups core=false variant=false stock=true
[import] VULGOLF220OGLRG pushed groups core=false variant=false stock=true
[import] VULGOLF220OGMED pushed groups core=false variant=false stock=true
[shopify-app/INFO] Authenticating admin request | {shop: null}
POST /app/import.data 200 - - 4.313 ms
[shopify-app/INFO] Authenticating admin request | {shop: null}
[shopify-app/INFO] Authenticating admin request | {shop: null}
GET /app/import.data 200 - - 456.264 ms
[import] VULGOLF220OGSML pushed groups core=false variant=false stock=true
[shopify-app/INFO] Authenticating admin request | {shop: null}
POST /app/import.data 200 - - 4.025 ms
[shopify-app/INFO] Authenticating admin request | {shop: null}
[shopify-app/INFO] Authenticating admin request | {shop: null}
[import] PAS3AG0227S pushed groups core=false variant=false stock=true
GET /app/import.data 200 - - 466.193 ms
[import] VUL41010KHREF34 pushed groups core=false variant=false stock=true
[shopify-app/INFO] Authenticating admin request | {shop: null}
POST /app/import.data 200 - - 4.295 ms
[shopify-app/INFO] Authenticating admin request | {shop: null}
[shopify-app/INFO] Authenticating admin request | {shop: null}
[import] VUL41010KHREF36 pushed groups core=false variant=false stock=true
GET /app/import.data 200 - - 460.438 ms
[import] VUL41010KHREF38 pushed groups core=false variant=false stock=true
[shopify-app/INFO] Authenticating admin request | {shop: null}
POST /app/import.data 200 - - 4.384 ms
[shopify-app/INFO] Authenticating admin request | {shop: null}
[shopify-app/INFO] Authenticating admin request | {shop: null}
[import] VUL41010KHREF40 pushed groups core=false variant=false stock=true
GET /app/import.data 200 - - 481.820 ms
[import] VUL41010KHREF46 pushed groups core=false variant=false stock=true
[import] VUL41010KHREF52 pushed groups core=false variant=false stock=true
[shopify-app/INFO] Authenticating admin request | {shop: null}
POST /app/import.data 200 - - 4.306 ms
[shopify-app/INFO] Authenticating admin request | {shop: null}
[shopify-app/INFO] Authenticating admin request | {shop: null}
GET /app/import.data 200 - - 456.978 ms
[import] VUL41010NVREF30 pushed groups core=false variant=false stock=true
[import] VUL41010NVREF32 pushed groups core=false variant=false stock=true
[shopify-app/INFO] Authenticating admin request | {shop: null}
POST /app/import.data 200 - - 3.757 ms
[shopify-app/INFO] Authenticating admin request | {shop: null}
[shopify-app/INFO] Authenticating admin request | {shop: null}
[import] VUL41010NVREF34 pushed groups core=false variant=false stock=true
GET /app/import.data 200 - - 459.231 ms
[import] VUL41010NVREF36 pushed groups core=false variant=false stock=true
[import] VUL41010NVREF40 pushed groups core=false variant=false stock=true
[shopify-app/INFO] Authenticating admin request | {shop: null}
POST /app/import.data 200 - - 3.732 ms
[shopify-app/INFO] Authenticating admin request | {shop: null}
[shopify-app/INFO] Authenticating admin request | {shop: null}
GET /app/import.data 200 - - 461.429 ms
[import] VUL41010NVREF42 pushed groups core=false variant=false stock=true
[shopify-app/INFO] Authenticating admin request | {shop: null}
POST /app/import.data 200 - - 3.703 ms
[shopify-app/INFO] Authenticating admin request | {shop: null}
[shopify-app/INFO] Authenticating admin request | {shop: null}
[import] VUL41010NVREF44 pushed groups core=false variant=false stock=true
GET /app/import.data 200 - - 454.386 ms
[import] VUL41010NVREF46 pushed groups core=false variant=false stock=true
[import] VUL41010NVREF48 pushed groups core=false variant=false stock=true
[shopify-app/INFO] Authenticating admin request | {shop: null}
POST /app/import.data 200 - - 3.912 ms
[shopify-app/INFO] Authenticating admin request | {shop: null}
[shopify-app/INFO] Authenticating admin request | {shop: null}
GET /app/import.data 200 - - 458.160 ms
[import] VUL41010NVREF50 pushed groups core=false variant=false stock=true
[import] VUL41010RBREF32 pushed groups core=false variant=false stock=true
[shopify-app/INFO] Authenticating admin request | {shop: null}
POST /app/import.data 200 - - 4.911 ms
[shopify-app/INFO] Authenticating admin request | {shop: null}
[shopify-app/INFO] Authenticating admin request | {shop: null}
[import] VUL41010RBREF34 pushed groups core=false variant=false stock=true
GET /app/import.data 200 - - 456.128 ms
[import] VUL41010RBREF38 pushed groups core=false variant=false stock=true
[import] VUL41010RBREF40 pushed groups core=false variant=false stock=true
[shopify-app/INFO] Authenticating admin request | {shop: null}
POST /app/import.data 200 - - 4.583 ms
[shopify-app/INFO] Authenticating admin request | {shop: null}
[shopify-app/INFO] Authenticating admin request | {shop: null}
GET /app/import.data 200 - - 459.610 ms
[import] VUL41010RBREF42 pushed groups core=false variant=false stock=true
[import] VUL41010RBREF44 pushed groups core=false variant=false stock=true
[shopify-app/INFO] Authenticating admin request | {shop: null}
POST /app/import.data 200 - - 3.863 ms
[shopify-app/INFO] Authenticating admin request | {shop: null}
[shopify-app/INFO] Authenticating admin request | {shop: null}
GET /app/import.data 200 - - 457.512 ms
[import] VUL41010RBREF46 pushed groups core=false variant=false stock=true
[import] VUL41010RBREF48 pushed groups core=false variant=false stock=true
[shopify-app/INFO] Authenticating admin request | {shop: null}
POST /app/import.data 200 - - 4.337 ms
[shopify-app/INFO] Authenticating admin request | {shop: null}
[shopify-app/INFO] Authenticating admin request | {shop: null}
[import] VUL41010RBREF52 pushed groups core=false variant=false stock=true
GET /app/import.data 200 - - 472.440 ms
[shopify-app/INFO] Authenticating admin request | {shop: null}
POST /app/import.data 200 - - 4.280 ms
[shopify-app/INFO] Authenticating admin request | {shop: null}
[shopify-app/INFO] Authenticating admin request | {shop: null}
GET /app/import.data 200 - - 467.590 ms
[import] VUL51030NVSML pushed groups core=false variant=false stock=true
[import] VUL30032KHXXL pushed groups core=false variant=false stock=true
[shopify-app/INFO] Authenticating admin request | {shop: null}
POST /app/import.data 200 - - 4.329 ms
[shopify-app/INFO] Authenticating admin request | {shop: null}
[shopify-app/INFO] Authenticating admin request | {shop: null}
GET /app/import.data 200 - - 451.408 ms
[import] VUL30032KH3XL pushed groups core=false variant=false stock=true
[import] VUL30032KHL pushed groups core=false variant=false stock=true
[shopify-app/INFO] Authenticating admin request | {shop: null}
POST /app/import.data 200 - - 4.324 ms
[shopify-app/INFO] Authenticating admin request | {shop: null}
[shopify-app/INFO] Authenticating admin request | {shop: null}
GET /app/import.data 200 - - 470.070 ms
[import] VUL30032KHXL pushed groups core=false variant=false stock=true
[shopify-app/INFO] Authenticating admin request | {shop: null}
POST /app/import.data 200 - - 4.134 ms
[shopify-app/INFO] Authenticating admin request | {shop: null}
[shopify-app/INFO] Authenticating admin request | {shop: null}
GET /app/import.data 200 - - 469.171 ms
[import] AO6271010 pushed groups core=false variant=false stock=true
[import] SQUE001 pushed groups core=false variant=false stock=true
[shopify-app/INFO] Authenticating admin request | {shop: null}
POST /app/import.data 200 - - 3.824 ms
[shopify-app/INFO] Authenticating admin request | {shop: null}
[shopify-app/INFO] Authenticating admin request | {shop: null}
[import] V0404684 pushed groups core=false variant=false stock=true
GET /app/import.data 200 - - 467.758 ms
[import] V0404685 pushed groups core=false variant=false stock=true
[import] V0404686 pushed groups core=false variant=false stock=true
[shopify-app/INFO] Authenticating admin request | {shop: null}
POST /app/import.data 200 - - 3.957 ms
[shopify-app/INFO] Authenticating admin request | {shop: null}
[shopify-app/INFO] Authenticating admin request | {shop: null}
[import] V0404690 pushed groups core=false variant=false stock=true
GET /app/import.data 200 - - 488.103 ms
[import] V0404694 pushed groups core=false variant=false stock=true
[shopify-app/INFO] Authenticating admin request | {shop: null}
POST /app/import.data 200 - - 4.772 ms
[shopify-app/INFO] Authenticating admin request | {shop: null}
[shopify-app/INFO] Authenticating admin request | {shop: null}
[import] PIV023OL pushed groups core=false variant=false stock=true
GET /app/import.data 200 - - 471.314 ms
[import] PIV023OM pushed groups core=false variant=false stock=true
[import] PIV023OXL pushed groups core=false variant=false stock=true
[shopify-app/INFO] Authenticating admin request | {shop: null}
POST /app/import.data 200 - - 3.403 ms
[shopify-app/INFO] Authenticating admin request | {shop: null}
[shopify-app/INFO] Authenticating admin request | {shop: null}
GET /app/import.data 200 - - 434.059 ms
[import] HH40104 pushed groups core=false variant=false stock=true
[import] 810116 pushed groups core=false variant=false stock=true
[shopify-app/INFO] Authenticating admin request | {shop: null}
[import] V0404672 pushed groups core=false variant=false stock=true
POST /app/import.data 200 - - 2.965 ms
[shopify-app/INFO] Authenticating admin request | {shop: null}
[shopify-app/INFO] Authenticating admin request | {shop: null}
GET /app/import.data 200 - - 479.949 ms
[import] GUANOSUNM1KG pushed groups core=false variant=false stock=true
[shopify-app/INFO] Authenticating admin request | {shop: null}
POST /app/import.data 200 - - 3.815 ms
[shopify-app/INFO] Authenticating admin request | {shop: null}
[shopify-app/INFO] Authenticating admin request | {shop: null}
GET /app/import.data 200 - - 471.548 ms
[import] HH40110 pushed groups core=false variant=false stock=true
[import] HH40115 pushed groups core=false variant=false stock=true
[import] HH40116 pushed groups core=false variant=false stock=true
[shopify-app/INFO] Authenticating admin request | {shop: null}
POST /app/import.data 200 - - 3.698 ms
[shopify-app/INFO] Authenticating admin request | {shop: null}
[shopify-app/INFO] Authenticating admin request | {shop: null}
GET /app/import.data 200 - - 468.374 ms
[import] VUL30030KHSSXXL pushed groups core=false variant=false stock=true
[shopify-app/INFO] Authenticating admin request | {shop: null}
POST /app/import.data 200 - - 3.693 ms
[shopify-app/INFO] Authenticating admin request | {shop: null}
[shopify-app/INFO] Authenticating admin request | {shop: null}
GET /app/import.data 200 - - 464.065 ms
[import] VUL30030KHSS3XL pushed groups core=false variant=false stock=true
[import] VUL30030KHSS6XL pushed groups core=false variant=false stock=true
[import] VUL30030KHSSXL pushed groups core=false variant=false stock=true
[shopify-app/INFO] Authenticating admin request | {shop: null}
POST /app/import.data 200 - - 4.725 ms
[shopify-app/INFO] Authenticating admin request | {shop: null}
[shopify-app/INFO] Authenticating admin request | {shop: null}
GET /app/import.data 200 - - 456.121 ms
[import] VUL30030NVSSXXL pushed groups core=false variant=false stock=true
[import] VUL30030OGSSXXL pushed groups core=false variant=false stock=true
[shopify-app/INFO] Authenticating admin request | {shop: null}
POST /app/import.data 200 - - 4.303 ms
[shopify-app/INFO] Authenticating admin request | {shop: null}
[shopify-app/INFO] Authenticating admin request | {shop: null}
GET /app/import.data 200 - - 450.316 ms
[import] VUL30030OGSS4XL pushed groups core=false variant=false stock=true
[import] VUL30030OGSSL pushed groups core=false variant=false stock=true
[import] VUL30030OGSSM pushed groups core=false variant=false stock=true
[shopify-app/INFO] Authenticating admin request | {shop: null}
POST /app/import.data 200 - - 4.645 ms
[shopify-app/INFO] Authenticating admin request | {shop: null}
[shopify-app/INFO] Authenticating admin request | {shop: null}
[import] VUL30030OGSSS pushed groups core=false variant=false stock=true
GET /app/import.data 200 - - 464.424 ms
[import] VUL30030OGSSXL pushed groups core=false variant=false stock=true
[shopify-app/INFO] Authenticating admin request | {shop: null}
POST /app/import.data 200 - - 3.549 ms
[shopify-app/INFO] Authenticating admin request | {shop: null}
[shopify-app/INFO] Authenticating admin request | {shop: null}
[import] VUL30030STSS4XL pushed groups core=false variant=false stock=true
GET /app/import.data 200 - - 469.041 ms
[import] VUL30030STSSM pushed groups core=false variant=false stock=true
[import] VUL30030STSSS pushed groups core=false variant=false stock=true
[shopify-app/INFO] Authenticating admin request | {shop: null}
POST /app/import.data 200 - - 3.755 ms
[shopify-app/INFO] Authenticating admin request | {shop: null}
[shopify-app/INFO] Authenticating admin request | {shop: null}
GET /app/import.data 200 - - 468.964 ms
[import] VUL30060CAR36 pushed groups core=false variant=false stock=true
[import] VUL30060CARKH36 pushed groups core=false variant=false stock=true
[shopify-app/INFO] Authenticating admin request | {shop: null}
POST /app/import.data 200 - - 3.706 ms
[shopify-app/INFO] Authenticating admin request | {shop: null}
[shopify-app/INFO] Authenticating admin request | {shop: null}
GET /app/import.data 200 - - 478.206 ms
[import] VUL30060CARKH38 pushed groups core=false variant=false stock=true
[import] VUL30060CARKH40 pushed groups core=false variant=false stock=true
[import] VUL30060CARKH42 pushed groups core=false variant=false stock=true
[shopify-app/INFO] Authenticating admin request | {shop: null}
POST /app/import.data 200 - - 4.496 ms
[shopify-app/INFO] Authenticating admin request | {shop: null}
[shopify-app/INFO] Authenticating admin request | {shop: null}
GET /app/import.data 200 - - 461.836 ms
[import] VUL30060CARKH44 pushed groups core=false variant=false stock=true
[import] VUL30060CAROG30 pushed groups core=false variant=false stock=true
[import] VUL30060CAROG32 pushed groups core=false variant=false stock=true
[shopify-app/INFO] Authenticating admin request | {shop: null}
POST /app/import.data 200 - - 4.156 ms
[shopify-app/INFO] Authenticating admin request | {shop: null}
[shopify-app/INFO] Authenticating admin request | {shop: null}
[import] VUL30060CAROG34 pushed groups core=false variant=false stock=true
GET /app/import.data 200 - - 467.551 ms
[import] VUL30060CAROG36 pushed groups core=false variant=false stock=true
[import] VUL30060CAROG38 pushed groups core=false variant=false stock=true
[import] VUL30060CAROG40 pushed groups core=false variant=false stock=true
[shopify-app/INFO] Authenticating admin request | {shop: null}
POST /app/import.data 200 - - 3.552 ms
[shopify-app/INFO] Authenticating admin request | {shop: null}
[shopify-app/INFO] Authenticating admin request | {shop: null}
GET /app/import.data 200 - - 457.400 ms
[import] VUL30060CARST38 pushed groups core=false variant=false stock=true
[shopify-app/INFO] Authenticating admin request | {shop: null}
POST /app/import.data 200 - - 4.292 ms
[shopify-app/INFO] Authenticating admin request | {shop: null}
[shopify-app/INFO] Authenticating admin request | {shop: null}
GET /app/import.data 200 - - 460.591 ms
[import] VUL30060IB40 pushed groups core=false variant=false stock=true
[shopify-app/INFO] Authenticating admin request | {shop: null}
POST /app/import.data 200 - - 4.745 ms
[shopify-app/INFO] Authenticating admin request | {shop: null}
[shopify-app/INFO] Authenticating admin request | {shop: null}
GET /app/import.data 200 - - 464.791 ms
[import] PIPV014 pushed groups core=false variant=false stock=true
[import] V0403069 pushed groups core=false variant=false stock=true
[shopify-app/INFO] Authenticating admin request | {shop: null}
POST /app/import.data 200 - - 3.715 ms
[shopify-app/INFO] Authenticating admin request | {shop: null}
[shopify-app/INFO] Authenticating admin request | {shop: null}
GET /app/import.data 200 - - 463.088 ms
[import] LTC00012M pushed groups core=false variant=false stock=true
[import] LTC00102M pushed groups core=false variant=false stock=true
[shopify-app/INFO] Authenticating admin request | {shop: null}
POST /app/import.data 200 - - 4.633 ms
[import] LCTOMILATF pushed groups core=false variant=false stock=true
[shopify-app/INFO] Authenticating admin request | {shop: null}
[shopify-app/INFO] Authenticating admin request | {shop: null}
GET /app/import.data 200 - - 473.624 ms
[import] LCTOMILAFF pushed groups core=false variant=false stock=true
[import] VUL30030KHLSL pushed groups core=false variant=false stock=true
[shopify-app/INFO] Authenticating admin request | {shop: null}
POST /app/import.data 200 - - 3.950 ms
[shopify-app/INFO] Authenticating admin request | {shop: null}
[shopify-app/INFO] Authenticating admin request | {shop: null}
GET /app/import.data 200 - - 474.639 ms
[import] VUL30030NVLSL pushed groups core=false variant=false stock=true
[import] VUL30030OGLSL pushed groups core=false variant=false stock=true
[import] VUL30030OGLSM pushed groups core=false variant=false stock=true
[shopify-app/INFO] Authenticating admin request | {shop: null}
POST /app/import.data 200 - - 4.098 ms
[shopify-app/INFO] Authenticating admin request | {shop: null}
[shopify-app/INFO] Authenticating admin request | {shop: null}
GET /app/import.data 200 - - 468.757 ms
[shopify-app/INFO] Authenticating admin request | {shop: null}
POST /app/import.data 200 - - 4.006 ms
[shopify-app/INFO] Authenticating admin request | {shop: null}
[shopify-app/INFO] Authenticating admin request | {shop: null}
[import] VUL30061CARKH34 pushed groups core=false variant=false stock=true
GET /app/import.data 200 - - 473.664 ms
[import] VUL30061CARKH36 pushed groups core=false variant=false stock=true
[import] VUL30061CARKH38 pushed groups core=false variant=false stock=true
[shopify-app/INFO] Authenticating admin request | {shop: null}
POST /app/import.data 200 - - 3.690 ms
[shopify-app/INFO] Authenticating admin request | {shop: null}
[shopify-app/INFO] Authenticating admin request | {shop: null}
GET /app/import.data 200 - - 459.324 ms
[import] VUL30061CAROG34 pushed groups core=false variant=false stock=true
[import] VUL30061CAROG36 pushed groups core=false variant=false stock=true
[shopify-app/INFO] Authenticating admin request | {shop: null}
POST /app/import.data 200 - - 3.704 ms
[import] VUL30061CAROG38 pushed groups core=false variant=false stock=true
[shopify-app/INFO] Authenticating admin request | {shop: null}
[shopify-app/INFO] Authenticating admin request | {shop: null}
GET /app/import.data 200 - - 489.285 ms
[import] VUL30061CAROG40 pushed groups core=false variant=false stock=true
[import] V0404700 pushed groups core=false variant=false stock=true
[shopify-app/INFO] Authenticating admin request | {shop: null}
POST /app/import.data 200 - - 3.521 ms
[shopify-app/INFO] Authenticating admin request | {shop: null}
[shopify-app/INFO] Authenticating admin request | {shop: null}
[import] 9911039 pushed groups core=false variant=false stock=true
GET /app/import.data 200 - - 478.487 ms
[import] 9911041 pushed groups core=false variant=false stock=true
[shopify-app/INFO] Authenticating admin request | {shop: null}
POST /app/import.data 200 - - 4.639 ms
[shopify-app/INFO] Authenticating admin request | {shop: null}
[shopify-app/INFO] Authenticating admin request | {shop: null}
[import] 9811040 pushed groups core=false variant=false stock=true
GET /app/import.data 200 - - 472.580 ms
[import] 9811041 pushed groups core=false variant=false stock=true
[import] V0404698 pushed groups core=false variant=false stock=true
[import] V0404699 pushed groups core=false variant=false stock=true
[shopify-app/INFO] Authenticating admin request | {shop: null}
POST /app/import.data 200 - - 3.657 ms
[shopify-app/INFO] Authenticating admin request | {shop: null}
[shopify-app/INFO] Authenticating admin request | {shop: null}
GET /app/import.data 200 - - 469.283 ms
[shopify-app/INFO] Authenticating admin request | {shop: null}
POST /app/import.data 200 - - 4.145 ms
[shopify-app/INFO] Authenticating admin request | {shop: null}
[shopify-app/INFO] Authenticating admin request | {shop: null}
[import] LTR03000 pushed groups core=false variant=false stock=true
GET /app/import.data 200 - - 477.485 ms
[import] LTR05200 pushed groups core=false variant=false stock=true
[import] LTR05500 pushed groups core=false variant=false stock=true
[shopify-app/INFO] Authenticating admin request | {shop: null}
POST /app/import.data 200 - - 3.378 ms
[shopify-app/INFO] Authenticating admin request | {shop: null}
[shopify-app/INFO] Authenticating admin request | {shop: null}
GET /app/import.data 200 - - 478.545 ms
[shopify-app/INFO] Authenticating admin request | {shop: null}
POST /app/import.data 200 - - 4.551 ms
[shopify-app/INFO] Authenticating admin request | {shop: null}
[shopify-app/INFO] Authenticating admin request | {shop: null}
GET /app/import.data 200 - - 465.908 ms
[shopify-app/INFO] Authenticating admin request | {shop: null}
POST /app/import.data 200 - - 3.701 ms
[import] KRGD5L pushed groups core=false variant=false stock=true
[shopify-app/INFO] Authenticating admin request | {shop: null}
[shopify-app/INFO] Authenticating admin request | {shop: null}
GET /app/import.data 200 - - 463.302 ms
[import] KRGD25L pushed groups core=false variant=false stock=true
[import] AO6000001 pushed groups core=false variant=false stock=true
[import] AO6000002 pushed groups core=false variant=false stock=true
[shopify-app/INFO] Authenticating admin request | {shop: null}
POST /app/import.data 200 - - 3.536 ms
[shopify-app/INFO] Authenticating admin request | {shop: null}
[shopify-app/INFO] Authenticating admin request | {shop: null}
GET /app/import.data 200 - - 463.168 ms
[import] A3PD20 pushed groups core=false variant=false stock=true
[shopify-app/INFO] Authenticating admin request | {shop: null}
POST /app/import.data 200 - - 3.672 ms
[shopify-app/INFO] Authenticating admin request | {shop: null}
[shopify-app/INFO] Authenticating admin request | {shop: null}
GET /app/import.data 200 - - 473.344 ms
[shopify-app/INFO] Authenticating admin request | {shop: null}
POST /app/import.data 200 - - 3.810 ms
[shopify-app/INFO] Authenticating admin request | {shop: null}
[shopify-app/INFO] Authenticating admin request | {shop: null}
[import] PIEV002-S pushed groups core=false variant=false stock=true
GET /app/import.data 200 - - 511.253 ms
[import] VUL5103ONV4XL pushed groups core=false variant=false stock=true
[shopify-app/INFO] Authenticating admin request | {shop: null}
POST /app/import.data 200 - - 3.758 ms
[shopify-app/INFO] Authenticating admin request | {shop: null}
[shopify-app/INFO] Authenticating admin request | {shop: null}
GET /app/import.data 200 - - 464.609 ms
[import] 6371531 pushed groups core=false variant=false stock=true
[import] 6375135 pushed groups core=false variant=false stock=true
[shopify-app/INFO] Authenticating admin request | {shop: null}
POST /app/import.data 200 - - 4.318 ms
[shopify-app/INFO] Authenticating admin request | {shop: null}
[shopify-app/INFO] Authenticating admin request | {shop: null}
GET /app/import.data 200 - - 479.673 ms
[import] 1850160 pushed groups core=true variant=false stock=false
[shopify-app/INFO] Authenticating admin request | {shop: null}
POST /app/import.data 200 - - 3.542 ms
[shopify-app/INFO] Authenticating admin request | {shop: null}
[shopify-app/INFO] Authenticating admin request | {shop: null}
GET /app/import.data 200 - - 477.015 ms
[shopify-app/INFO] Authenticating admin request | {shop: null}
POST /app/import.data 200 - - 4.431 ms
[shopify-app/INFO] Authenticating admin request | {shop: null}
[shopify-app/INFO] Authenticating admin request | {shop: null}
GET /app/import.data 200 - - 463.744 ms
[shopify-app/INFO] Authenticating admin request | {shop: null}
POST /app/import.data 200 - - 3.769 ms
[shopify-app/INFO] Authenticating admin request | {shop: null}
[shopify-app/INFO] Authenticating admin request | {shop: null}
GET /app/import.data 200 - - 479.772 ms
[shopify-app/INFO] Authenticating admin request | {shop: null}
POST /app/import.data 200 - - 3.715 ms
[shopify-app/INFO] Authenticating admin request | {shop: null}
[shopify-app/INFO] Authenticating admin request | {shop: null}
GET /app/import.data 200 - - 467.762 ms
[shopify-app/INFO] Authenticating admin request | {shop: null}
POST /app/import.data 200 - - 3.982 ms
[shopify-app/INFO] Authenticating admin request | {shop: null}
[shopify-app/INFO] Authenticating admin request | {shop: null}
GET /app/import.data 200 - - 457.201 ms
[shopify-app/INFO] Authenticating admin request | {shop: null}
POST /app/import.data 200 - - 4.875 ms
[shopify-app/INFO] Authenticating admin request | {shop: null}
[shopify-app/INFO] Authenticating admin request | {shop: null}
GET /app/import.data 200 - - 476.020 ms
[shopify-app/INFO] Authenticating admin request | {shop: null}
POST /app/import.data 200 - - 4.275 ms
[shopify-app/INFO] Authenticating admin request | {shop: null}
[shopify-app/INFO] Authenticating admin request | {shop: null}
GET /app/import.data 200 - - 464.467 ms
[shopify-app/INFO] Authenticating admin request | {shop: null}
POST /app/import.data 200 - - 4.579 ms
[shopify-app/INFO] Authenticating admin request | {shop: null}
[shopify-app/INFO] Authenticating admin request | {shop: null}
GET /app/import.data 200 - - 471.970 ms
[shopify-app/INFO] Authenticating admin request | {shop: null}
POST /app/import.data 200 - - 3.673 ms
[shopify-app/INFO] Authenticating admin request | {shop: null}
[shopify-app/INFO] Authenticating admin request | {shop: null}
GET /app/import.data 200 - - 468.251 ms
[shopify-app/INFO] Authenticating admin request | {shop: null}
POST /app/import.data 200 - - 3.997 ms
[shopify-app/INFO] Authenticating admin request | {shop: null}
[shopify-app/INFO] Authenticating admin request | {shop: null}
GET /app/import.data 200 - - 469.965 ms
[shopify-app/INFO] Authenticating admin request | {shop: null}
POST /app/import.data 200 - - 3.519 ms
[shopify-app/INFO] Authenticating admin request | {shop: null}
[shopify-app/INFO] Authenticating admin request | {shop: null}
GET /app/import.data 200 - - 471.206 ms
[shopify-app/INFO] Authenticating admin request | {shop: null}
[shopify-app/INFO] Authenticating admin request | {shop: null}
GET /app/data-quality.data 200 - - 311.224 ms
